;  LST file generated by mikroListExporter - v.2.0 
; Date/Time: 6/22/2025 3:15:35 PM
;----------------------------------------------

;Address Opcode 	ASM
0x0000	0x2851      	GOTO       81
_knightrider:
;Lab_3.c,1 :: 		void knightrider(void) {
;Lab_3.c,4 :: 		TRISB = 0x00;
0x0003	0x1683      	BSF        STATUS, 5
0x0004	0x1303      	BCF        STATUS, 6
0x0005	0x0186      	CLRF       TRISB
;Lab_3.c,5 :: 		PORTB = 0x01;
0x0006	0x3001      	MOVLW      1
0x0007	0x1283      	BCF        STATUS, 5
0x0008	0x0086      	MOVWF      PORTB
;Lab_3.c,6 :: 		for (i = 1; i <= 7; i++) {
0x0009	0x3001      	MOVLW      1
0x000A	0x00F2      	MOVWF      R2
0x000B	0x3000      	MOVLW      0
0x000C	0x00F3      	MOVWF      R2+1
L_knightrider0:
0x000D	0x3080      	MOVLW      128
0x000E	0x00F0      	MOVWF      R0
0x000F	0x3080      	MOVLW      128
0x0010	0x0673      	XORWF      R2+1, 0
0x0011	0x0270      	SUBWF      R0, 0
0x0012	0x1D03      	BTFSS      STATUS, 2
0x0013	0x2816      	GOTO       L__knightrider11
0x0014	0x0872      	MOVF       R2, 0
0x0015	0x3C07      	SUBLW      7
L__knightrider11:
0x0016	0x1C03      	BTFSS      STATUS, 0
0x0017	0x282C      	GOTO       L_knightrider1
;Lab_3.c,7 :: 		PORTB = (PORTB << 1);
0x0018	0x0806      	MOVF       PORTB, 0
0x0019	0x00F0      	MOVWF      R0
0x001A	0x0DF0      	RLF        R0, 1
0x001B	0x1070      	BCF        R0, 0
0x001C	0x0870      	MOVF       R0, 0
0x001D	0x0086      	MOVWF      PORTB
;Lab_3.c,8 :: 		Delay_ms(100);
0x001E	0x3082      	MOVLW      130
0x001F	0x00FC      	MOVWF      R12
0x0020	0x30DD      	MOVLW      221
0x0021	0x00FD      	MOVWF      R13
L_knightrider3:
0x0022	0x0BFD      	DECFSZ     R13, 1
0x0023	0x2822      	GOTO       L_knightrider3
0x0024	0x0BFC      	DECFSZ     R12, 1
0x0025	0x2822      	GOTO       L_knightrider3
0x0026	0x0000      	NOP
0x0027	0x0000      	NOP
;Lab_3.c,6 :: 		for (i = 1; i <= 7; i++) {
0x0028	0x0AF2      	INCF       R2, 1
0x0029	0x1903      	BTFSC      STATUS, 2
0x002A	0x0AF3      	INCF       R2+1, 1
;Lab_3.c,10 :: 		}
0x002B	0x280D      	GOTO       L_knightrider0
L_knightrider1:
;Lab_3.c,12 :: 		for (i = 7; i >= 1; i--) {
0x002C	0x3007      	MOVLW      7
0x002D	0x00F2      	MOVWF      R2
0x002E	0x3000      	MOVLW      0
0x002F	0x00F3      	MOVWF      R2+1
L_knightrider4:
0x0030	0x3080      	MOVLW      128
0x0031	0x0673      	XORWF      R2+1, 0
0x0032	0x00F0      	MOVWF      R0
0x0033	0x3080      	MOVLW      128
0x0034	0x0270      	SUBWF      R0, 0
0x0035	0x1D03      	BTFSS      STATUS, 2
0x0036	0x2839      	GOTO       L__knightrider12
0x0037	0x3001      	MOVLW      1
0x0038	0x0272      	SUBWF      R2, 0
L__knightrider12:
0x0039	0x1C03      	BTFSS      STATUS, 0
0x003A	0x2850      	GOTO       L_knightrider5
;Lab_3.c,13 :: 		PORTB = (PORTB >> 1 );
0x003B	0x0806      	MOVF       PORTB, 0
0x003C	0x00F0      	MOVWF      R0
0x003D	0x0CF0      	RRF        R0, 1
0x003E	0x13F0      	BCF        R0, 7
0x003F	0x0870      	MOVF       R0, 0
0x0040	0x0086      	MOVWF      PORTB
;Lab_3.c,14 :: 		Delay_ms(100);
0x0041	0x3082      	MOVLW      130
0x0042	0x00FC      	MOVWF      R12
0x0043	0x30DD      	MOVLW      221
0x0044	0x00FD      	MOVWF      R13
L_knightrider7:
0x0045	0x0BFD      	DECFSZ     R13, 1
0x0046	0x2845      	GOTO       L_knightrider7
0x0047	0x0BFC      	DECFSZ     R12, 1
0x0048	0x2845      	GOTO       L_knightrider7
0x0049	0x0000      	NOP
0x004A	0x0000      	NOP
;Lab_3.c,12 :: 		for (i = 7; i >= 1; i--) {
0x004B	0x3001      	MOVLW      1
0x004C	0x02F2      	SUBWF      R2, 1
0x004D	0x1C03      	BTFSS      STATUS, 0
0x004E	0x03F3      	DECF       R2+1, 1
;Lab_3.c,15 :: 		}
0x004F	0x2830      	GOTO       L_knightrider4
L_knightrider5:
;Lab_3.c,16 :: 		}
L_end_knightrider:
0x0050	0x0008      	RETURN
; end of _knightrider
_main:
;Lab_3.c,17 :: 		void main()
;Lab_3.c,19 :: 		CMCON = 0x07;
0x0051	0x3007      	MOVLW      7
0x0052	0x1283      	BCF        STATUS, 5
0x0053	0x1303      	BCF        STATUS, 6
0x0054	0x009F      	MOVWF      CMCON
;Lab_3.c,20 :: 		TRISA = 0xff;
0x0055	0x30FF      	MOVLW      255
0x0056	0x1683      	BSF        STATUS, 5
0x0057	0x0085      	MOVWF      TRISA
;Lab_3.c,21 :: 		while (1)
L_main8:
;Lab_3.c,22 :: 		knightrider();
0x0058	0x2003      	CALL       _knightrider
0x0059	0x2858      	GOTO       L_main8
;Lab_3.c,23 :: 		}
L_end_main:
0x005A	0x285A      	GOTO       $+0
; end of _main
Symbol List:
//** Routines locations **
//ADDRESS    SIZE    PROCEDURE
//----------------------------------------------
0x0003      [78]    _knightrider
0x0051      [10]    _main
//** Variables locations ** 
//ADDRESS    SIZE    VARIABLE
//----------------------------------------------
0x0000       [1]    INDF
0x0003       [1]    STATUS
0x0004       [1]    FSR
0x0006       [1]    PORTB
0x000A       [1]    PCLATH
0x001F       [1]    CMCON
0x0020       [2]    ___DoICPAddr
0x0070       [1]    R0
0x0071       [1]    R1
0x0072       [1]    R2
0x0073       [1]    R3
0x0074       [1]    R4
0x0075       [1]    R5
0x0076       [1]    R6
0x0077       [1]    R7
0x0078       [1]    R8
0x0079       [1]    R9
0x007A       [1]    R10
0x007B       [1]    R11
0x007C       [1]    R12
0x007D       [1]    R13
0x007E       [1]    R14
0x007F       [1]    R15
0x0085       [1]    TRISA
0x0086       [1]    TRISB
